[debug] [2025-05-14T06:51:16.116Z] ----------------------------------------------------------------------
[debug] [2025-05-14T06:51:16.119Z] Command:       C:\Users\Miguel Jaca\Desktop\3rd Year Na\node.exe C:\Users\Miguel Jaca\AppData\Roaming\npm\node_modules\firebase-tools\lib\bin\firebase.js init firestore
[debug] [2025-05-14T06:51:16.119Z] CLI Version:   14.3.1
[debug] [2025-05-14T06:51:16.119Z] Platform:      win32
[debug] [2025-05-14T06:51:16.120Z] Node Version:  v22.14.0
[debug] [2025-05-14T06:51:16.120Z] Time:          Wed May 14 2025 14:51:16 GMT+0800 (Philippine Standard Time)
[debug] [2025-05-14T06:51:16.120Z] ----------------------------------------------------------------------
[debug] 
[debug] [2025-05-14T06:51:16.126Z] > command requires scopes: ["email","openid","https://www.googleapis.com/auth/cloudplatformprojects.readonly","https://www.googleapis.com/auth/firebase","https://www.googleapis.com/auth/cloud-platform"]
[debug] [2025-05-14T06:51:16.126Z] > authorizing via signed-in user (miggyjaca@gmail.com)
[info] 
     ######## #### ########  ######## ########     ###     ######  ########
     ##        ##  ##     ## ##       ##     ##  ##   ##  ##       ##
     ######    ##  ########  ######   ########  #########  ######  ######
     ##        ##  ##    ##  ##       ##     ## ##     ##       ## ##
     ##       #### ##     ## ######## ########  ##     ##  ######  ########

You're about to initialize a Firebase project in this directory:

  C:\Users\Miguel Jaca\Documents\GitHub\EcoTrack-Web

[info] 
=== Project Setup
[info] 
[info] First, let's associate this project directory with a Firebase project.
[info] You can create multiple project aliases by running firebase use --add, 
[info] but for now we'll just set up a default project.
[info] 
